Live reload server started on port: 35729
Press CTRL+C to quit ...

[0;36minfo:[0m 7 plugins are installed 
[0;36minfo:[0m loading plugin "livereload"... [0;32mOK[0m 
[0;36minfo:[0m loading plugin "highlight"... [0;32mOK[0m 
[0;36minfo:[0m loading plugin "search"... [0;32mOK[0m 
[0;36minfo:[0m loading plugin "lunr"... [0;32mOK[0m 
[0;36minfo:[0m loading plugin "sharing"... [0;32mOK[0m 
[0;36minfo:[0m loading plugin "fontsettings"... [0;32mOK[0m 
[0;36minfo:[0m loading plugin "theme-default"... [0;32mOK[0m 
[0;36minfo:[0m found 23 pages 
[0;36minfo:[0m found 2 asset files 
[0;36minfo:[0m [0;32m>> [0mgeneration finished with success in 4.1s ! 

Starting server ...
Serving book on http://localhost:4000
Restart after change in file README.md

Stopping server
[0;36minfo:[0m 7 plugins are installed 
[0;36minfo:[0m loading plugin "livereload"... [0;32mOK[0m 
[0;36minfo:[0m loading plugin "highlight"... [0;32mOK[0m 
[0;36minfo:[0m loading plugin "search"... [0;32mOK[0m 
[0;36minfo:[0m loading plugin "lunr"... [0;32mOK[0m 
[0;36minfo:[0m loading plugin "sharing"... [0;32mOK[0m 
[0;36minfo:[0m loading plugin "fontsettings"... [0;32mOK[0m 
[0;36minfo:[0m loading plugin "theme-default"... [0;32mOK[0m 
[0;36minfo:[0m found 23 pages 
[0;36minfo:[0m found 2 asset files 
[0;36minfo:[0m [0;32m>> [0mgeneration finished with success in 3.9s ! 

Starting server ...
Serving book on http://localhost:4000
Live reload server started on port: 35729
Press CTRL+C to quit ...

[0;36minfo:[0m 7 plugins are installed 
[0;36minfo:[0m loading plugin "livereload"... [0;32mOK[0m 
[0;36minfo:[0m loading plugin "highlight"... [0;32mOK[0m 
[0;36minfo:[0m loading plugin "search"... [0;32mOK[0m 
[0;36minfo:[0m loading plugin "lunr"... [0;32mOK[0m 
[0;36minfo:[0m loading plugin "sharing"... [0;32mOK[0m 
[0;36minfo:[0m loading plugin "fontsettings"... [0;32mOK[0m 
[0;36minfo:[0m loading plugin "theme-default"... [0;32mOK[0m 
[0;36minfo:[0m found 23 pages 
[0;36minfo:[0m found 2 asset files 
[0;36minfo:[0m [0;32m>> [0mgeneration finished with success in 4.4s ! 

Starting server ...
Serving book on http://localhost:4000
Restart after change in file Chapter3/README.md

Stopping server
[0;36minfo:[0m 7 plugins are installed 
[0;36minfo:[0m loading plugin "livereload"... [0;32mOK[0m 
[0;36minfo:[0m loading plugin "highlight"... [0;32mOK[0m 
[0;36minfo:[0m loading plugin "search"... [0;32mOK[0m 
[0;36minfo:[0m loading plugin "lunr"... [0;32mOK[0m 
[0;36minfo:[0m loading plugin "sharing"... [0;32mOK[0m 
[0;36minfo:[0m loading plugin "fontsettings"... [0;32mOK[0m 
[0;36minfo:[0m loading plugin "theme-default"... [0;32mOK[0m 
[0;36minfo:[0m found 23 pages 
[0;36minfo:[0m found 2 asset files 
[0;36minfo:[0m [0;32m>> [0mgeneration finished with success in 4.3s ! 

Starting server ...
Serving book on http://localhost:4000
Restart after change in file Chapter3/README.md

Stopping server
[0;36minfo:[0m 7 plugins are installed 
[0;36minfo:[0m loading plugin "livereload"... [0;32mOK[0m 
[0;36minfo:[0m loading plugin "highlight"... [0;32mOK[0m 
[0;36minfo:[0m loading plugin "search"... [0;32mOK[0m 
[0;36minfo:[0m loading plugin "lunr"... [0;32mOK[0m 
[0;36minfo:[0m loading plugin "sharing"... [0;32mOK[0m 
[0;36minfo:[0m loading plugin "fontsettings"... [0;32mOK[0m 
[0;36minfo:[0m loading plugin "theme-default"... [0;32mOK[0m 
[0;36minfo:[0m found 23 pages 
[0;36minfo:[0m found 2 asset files 
[0;36minfo:[0m [0;32m>> [0mgeneration finished with success in 4.0s ! 

Starting server ...
Serving book on http://localhost:4000
Restart after change in file SUMMARY.md

Stopping server
[0;36minfo:[0m 7 plugins are installed 
[0;36minfo:[0m loading plugin "livereload"... [0;32mOK[0m 
[0;36minfo:[0m loading plugin "highlight"... [0;32mOK[0m 
[0;36minfo:[0m loading plugin "search"... [0;32mOK[0m 
[0;36minfo:[0m loading plugin "lunr"... [0;32mOK[0m 
[0;36minfo:[0m loading plugin "sharing"... [0;32mOK[0m 
[0;36minfo:[0m loading plugin "fontsettings"... [0;32mOK[0m 
[0;36minfo:[0m loading plugin "theme-default"... [0;32mOK[0m 
[0;36minfo:[0m found 1 pages 
[0;36minfo:[0m found 24 asset files 
[0;36minfo:[0m [0;32m>> [0mgeneration finished with success in 0.4s ! 

Starting server ...
Serving book on http://localhost:4000
Restart after change in file SUMMARY.md

Stopping server
[0;36minfo:[0m 7 plugins are installed 
[0;36minfo:[0m loading plugin "livereload"... [0;32mOK[0m 
[0;36minfo:[0m loading plugin "highlight"... [0;32mOK[0m 
[0;36minfo:[0m loading plugin "search"... [0;32mOK[0m 
[0;36minfo:[0m loading plugin "lunr"... [0;32mOK[0m 
[0;36minfo:[0m loading plugin "sharing"... [0;32mOK[0m 
[0;36minfo:[0m loading plugin "fontsettings"... [0;32mOK[0m 
[0;36minfo:[0m loading plugin "theme-default"... [0;32mOK[0m 
[0;36minfo:[0m found 24 pages 
[0;36minfo:[0m found 2 asset files 
[0;36minfo:[0m [0;32m>> [0mgeneration finished with success in 4.2s ! 

Starting server ...
Serving book on http://localhost:4000
Restart after change in file Chapter3/deepcopy.md

Stopping server
[0;36minfo:[0m 7 plugins are installed 
[0;36minfo:[0m loading plugin "livereload"... [0;32mOK[0m 
[0;36minfo:[0m loading plugin "highlight"... [0;32mOK[0m 
[0;36minfo:[0m loading plugin "search"... [0;32mOK[0m 
[0;36minfo:[0m loading plugin "lunr"... [0;32mOK[0m 
[0;36minfo:[0m loading plugin "sharing"... [0;32mOK[0m 
[0;36minfo:[0m loading plugin "fontsettings"... [0;32mOK[0m 
[0;36minfo:[0m loading plugin "theme-default"... [0;32mOK[0m 
[0;36minfo:[0m found 24 pages 
[0;36minfo:[0m found 2 asset files 
[0;36minfo:[0m [0;32m>> [0mgeneration finished with success in 4.0s ! 

Starting server ...
Serving book on http://localhost:4000
Restart after change in file README.md

Stopping server
[0;36minfo:[0m 7 plugins are installed 
[0;36minfo:[0m loading plugin "livereload"... [0;32mOK[0m 
[0;36minfo:[0m loading plugin "highlight"... [0;32mOK[0m 
[0;36minfo:[0m loading plugin "search"... [0;32mOK[0m 
[0;36minfo:[0m loading plugin "lunr"... [0;32mOK[0m 
[0;36minfo:[0m loading plugin "sharing"... [0;32mOK[0m 
[0;36minfo:[0m loading plugin "fontsettings"... [0;32mOK[0m 
[0;36minfo:[0m loading plugin "theme-default"... [0;32mOK[0m 
[0;36minfo:[0m found 24 pages 
[0;36minfo:[0m found 2 asset files 
[0;36minfo:[0m [0;32m>> [0mgeneration finished with success in 4.6s ! 

Starting server ...
Serving book on http://localhost:4000
Restart after change in file README.md

Stopping server
[0;36minfo:[0m 7 plugins are installed 
[0;36minfo:[0m loading plugin "livereload"... [0;32mOK[0m 
[0;36minfo:[0m loading plugin "highlight"... [0;32mOK[0m 
[0;36minfo:[0m loading plugin "search"... [0;32mOK[0m 
[0;36minfo:[0m loading plugin "lunr"... [0;32mOK[0m 
[0;36minfo:[0m loading plugin "sharing"... [0;32mOK[0m 
[0;36minfo:[0m loading plugin "fontsettings"... [0;32mOK[0m 
[0;36minfo:[0m loading plugin "theme-default"... [0;32mOK[0m 
[0;36minfo:[0m found 24 pages 
[0;36minfo:[0m found 2 asset files 
[0;36minfo:[0m [0;32m>> [0mgeneration finished with success in 4.0s ! 

Starting server ...
Serving book on http://localhost:4000
Restart after change in file Chapter3/collections.md

Stopping server
[0;36minfo:[0m 7 plugins are installed 
[0;36minfo:[0m loading plugin "livereload"... [0;32mOK[0m 
[0;36minfo:[0m loading plugin "highlight"... [0;32mOK[0m 
[0;36minfo:[0m loading plugin "search"... [0;32mOK[0m 
[0;36minfo:[0m loading plugin "lunr"... [0;32mOK[0m 
[0;36minfo:[0m loading plugin "sharing"... [0;32mOK[0m 
[0;36minfo:[0m loading plugin "fontsettings"... [0;32mOK[0m 
[0;36minfo:[0m loading plugin "theme-default"... [0;32mOK[0m 
[0;36minfo:[0m found 24 pages 
[0;36minfo:[0m found 2 asset files 
[0;36minfo:[0m [0;32m>> [0mgeneration finished with success in 4.5s ! 

Starting server ...
Serving book on http://localhost:4000
Restart after change in file Chapter3/itertools.md

Stopping server
[0;36minfo:[0m 7 plugins are installed 
[0;36minfo:[0m loading plugin "livereload"... [0;32mOK[0m 
[0;36minfo:[0m loading plugin "highlight"... [0;32mOK[0m 
[0;36minfo:[0m loading plugin "search"... [0;32mOK[0m 
[0;36minfo:[0m loading plugin "lunr"... [0;32mOK[0m 
[0;36minfo:[0m loading plugin "sharing"... [0;32mOK[0m 
[0;36minfo:[0m loading plugin "fontsettings"... [0;32mOK[0m 
[0;36minfo:[0m loading plugin "theme-default"... [0;32mOK[0m 
[0;36minfo:[0m found 24 pages 
[0;36minfo:[0m found 2 asset files 
[0;36minfo:[0m [0;32m>> [0mgeneration finished with success in 4.5s ! 

Starting server ...
Serving book on http://localhost:4000
Restart after change in file Chapter2/并查集.md

Stopping server
[0;36minfo:[0m 7 plugins are installed 
[0;36minfo:[0m loading plugin "livereload"... [0;32mOK[0m 
[0;36minfo:[0m loading plugin "highlight"... [0;32mOK[0m 
[0;36minfo:[0m loading plugin "search"... [0;32mOK[0m 
[0;36minfo:[0m loading plugin "lunr"... [0;32mOK[0m 
[0;36minfo:[0m loading plugin "sharing"... [0;32mOK[0m 
[0;36minfo:[0m loading plugin "fontsettings"... [0;32mOK[0m 
[0;36minfo:[0m loading plugin "theme-default"... [0;32mOK[0m 
[0;36minfo:[0m found 24 pages 
[0;36minfo:[0m found 2 asset files 
[0;36minfo:[0m [0;32m>> [0mgeneration finished with success in 4.4s ! 

Starting server ...
Serving book on http://localhost:4000
